<?xml version="1.0" encoding="UTF-8"?>
<!-- Generated by org.testng.reporters.JUnitReportReporter -->
<testsuite hostname="Ash" failures="0" tests="1" name="com.vtiger.crm.contacttestwithpom.CreateContactTest" time="33.456" errors="0" timestamp="2024-08-21T17:31:29 IST" skipped="0">
  <testcase classname="com.vtiger.crm.contacttestwithpom.CreateContactTest" name="createContactTest" time="33.456"/>
  <system-out/>
</testsuite> <!-- com.vtiger.crm.contacttestwithpom.CreateContactTest -->
