<?xml version="1.0" encoding="UTF-8"?>
<!-- Generated by org.testng.reporters.JUnitReportReporter -->
<testsuite hostname="Ash" failures="0" tests="1" name="com.vtiger.crm.orgtestwithpom.CreateOrganizationWithIndustryTest" time="35.600" errors="0" timestamp="2024-08-22T14:21:56 IST" skipped="0">
  <testcase classname="com.vtiger.crm.orgtestwithpom.CreateOrganizationWithIndustryTest" name="createOrgWithIndustry" time="35.600"/>
  <system-out/>
</testsuite> <!-- com.vtiger.crm.orgtestwithpom.CreateOrganizationWithIndustryTest -->
