<?xml version="1.0" encoding="UTF-8"?>
<!-- Generated by org.testng.reporters.JUnitReportReporter -->
<testsuite hostname="Ash" failures="0" tests="1" name="com.vtiger.crm.orgtestwithpom_combinedtests_testng.CreateOrganizationTest" time="879.095" errors="0" timestamp="2024-08-30T11:37:20 IST" skipped="0">
  <testcase classname="com.vtiger.crm.orgtestwithpom_combinedtests_testng.CreateOrganizationTest" name="createOrgTest" time="879.095"/>
  <system-out/>
</testsuite> <!-- com.vtiger.crm.orgtestwithpom_combinedtests_testng.CreateOrganizationTest -->
