<?xml version="1.0" encoding="UTF-8"?>
<!-- Generated by org.testng.reporters.JUnitReportReporter -->
<testsuite hostname="Ash" failures="0" tests="3" name="practice.test.PracticeClass_DP" time="0.016" errors="0" timestamp="2024-08-20T20:13:32 IST" skipped="0">
  <testcase classname="practice.test.PracticeClass_DP" name="getProductInfoTest" time="0.001"/>
  <system-out/>
  <testcase classname="practice.test.PracticeClass_DP" name="getProductInfoTest" time="0.014"/>
  <system-out/>
  <testcase classname="practice.test.PracticeClass_DP" name="getProductInfoTest" time="0.001"/>
  <system-out/>
</testsuite> <!-- practice.test.PracticeClass_DP -->
