<?xml version="1.0" encoding="UTF-8"?>
<!-- Generated by org.testng.reporters.JUnitReportReporter -->
<testsuite hostname="Ash" failures="0" tests="1" name="com.vtiger.crm.orgtestwithpom.CreateOrganizationWithPhoneNumber" time="33.831" errors="0" timestamp="2024-08-22T14:23:11 IST" skipped="0">
  <testcase classname="com.vtiger.crm.orgtestwithpom.CreateOrganizationWithPhoneNumber" name="createOrgWithPhNo" time="33.831"/>
  <system-out/>
</testsuite> <!-- com.vtiger.crm.orgtestwithpom.CreateOrganizationWithPhoneNumber -->
