<?xml version="1.0" encoding="UTF-8"?>
<!-- Generated by org.testng.reporters.JUnitXMLReporter -->
<testsuite ignored="0" hostname="Ash" failures="0" tests="3" name="Test-1" time="175.865" errors="0" timestamp="2024-08-22T16:14:38 IST">
  <testcase classname="com.vtiger.crm.orgtestwithpom_combinedtests_testng.CreateOrganizationTest" name="createOrgTest" time="43.026"/>
  <testcase classname="com.vtiger.crm.orgtestwithpom_combinedtests_testng.CreateOrganizationTest" name="createOrgWithIndustry" time="31.14"/>
  <testcase classname="com.vtiger.crm.orgtestwithpom_combinedtests_testng.CreateOrganizationTest" name="createOrgWithPhNo" time="26.793"/>
</testsuite> <!-- Test-1 -->
