<?xml version="1.0" encoding="UTF-8"?>
<!-- Generated by org.testng.reporters.JUnitXMLReporter -->
<testsuite ignored="1" hostname="Ash" failures="0" tests="2" name="Test-2" time="153.452" errors="0" timestamp="2024-08-22T16:14:16 IST">
  <testcase classname="com.vtiger.crm.contacttestwithpom_combinedtests_testng.CreateContactTest" name="createContactTest" time="37.126"/>
  <testcase classname="com.vtiger.crm.contacttestwithpom_combinedtests_testng.CreateContactTest" name="createContactWithOrgTest" time="60.825"/>
  <testcase classname="com.vtiger.crm.contacttestwithpom_combinedtests_testng.CreateContactTest" name="createContactWithSupportDateTest" time="0.0">
    <ignored/>
  </testcase> <!-- createContactWithSupportDateTest -->
</testsuite> <!-- Test-2 -->
